<?xml version="1.0" encoding="UTF-8"?>
<testng-results ignored="0" total="1" passed="1" failed="0" skipped="0">
  <reporter-output>
  </reporter-output>
  <suite started-at="2025-05-27T21:37:54 WIB" name="Test Suite" finished-at="2025-05-27T21:38:17 WIB" duration-ms="23056">
    <groups>
    </groups>
    <test started-at="2025-05-27T21:37:54 WIB" name="Test" finished-at="2025-05-27T21:38:17 WIB" duration-ms="23056">
      <class name="com.juaracoding.appium.AppTest">
        <test-method is-config="true" signature="setup()[pri:0, instance:com.juaracoding.appium.AppTest@7e0b85f9]" started-at="2025-05-27T21:37:54 WIB" name="setup" finished-at="2025-05-27T21:38:02 WIB" duration-ms="7437" status="PASS">
          <reporter-output>
          </reporter-output>
        </test-method> <!-- setup -->
        <test-method signature="additionTest()[pri:0, instance:com.juaracoding.appium.AppTest@7e0b85f9]" started-at="2025-05-27T21:38:02 WIB" name="additionTest" finished-at="2025-05-27T21:38:17 WIB" duration-ms="15597" status="PASS">
          <reporter-output>
          </reporter-output>
        </test-method> <!-- additionTest -->
      </class> <!-- com.juaracoding.appium.AppTest -->
    </test> <!-- Test -->
  </suite> <!-- Test Suite -->
</testng-results>
